<?xml version="1.0" encoding="UTF-8"?>
<testsuite xmlns:xsi="http://www.w3.org/2001/XMLSchema-instance" xsi:noNamespaceSchemaLocation="https://maven.apache.org/surefire/maven-surefire-plugin/xsd/surefire-test-report.xsd" name="app.service.interviewer.InterviewerServiceImplTests" time="0.12" tests="14" errors="0" skipped="0" failures="0">
  <properties>
[...]
</properties>
  <testcase name="getAllInterviewers" classname="app.service.interviewer.InterviewerServiceImplTests" time="0.085"/>
  <testcase name="createInterviewerAvailabilityWithInterviewerDoesNotExistError" classname="app.service.interviewer.InterviewerServiceImplTests" time="0.004"/>
  <testcase name="createInterviewerAvailabilityWithTimeError" classname="app.service.interviewer.InterviewerServiceImplTests" time="0.002"/>
  <testcase name="createInterviewerAvailability" classname="app.service.interviewer.InterviewerServiceImplTests" time="0.008"/>
  <testcase name="createInterviewerwithNameError" classname="app.service.interviewer.InterviewerServiceImplTests" time="0.001"/>
  <testcase name="getInterviewerById" classname="app.service.interviewer.InterviewerServiceImplTests" time="0.002"/>
  <testcase name="createInterviewerwithUniqueNameError" classname="app.service.interviewer.InterviewerServiceImplTests" time="0.003"/>
  <testcase name="deleteInterviewerById" classname="app.service.interviewer.InterviewerServiceImplTests" time="0.002"/>
  <testcase name="createInterviewerSuccessfully" classname="app.service.interviewer.InterviewerServiceImplTests" time="0.002"/>
  <testcase name="getInterviewerAvailabilityById" classname="app.service.interviewer.InterviewerServiceImplTests" time="0.003"/>
  <testcase name="createInterviewerAvailabilityWithExistingAvailability" classname="app.service.interviewer.InterviewerServiceImplTests" time="0.002"/>
  <testcase name="createInterviewerAvailabilityWithExistingAvailabilityError" classname="app.service.interviewer.InterviewerServiceImplTests" time="0.003"/>
  <testcase name="createInterviewerAvailabilityWithTimeError1" classname="app.service.interviewer.InterviewerServiceImplTests" time="0.001"/>
  <testcase name="createInterviewerwithUniqueEmailError" classname="app.service.interviewer.InterviewerServiceImplTests" time="0.002"/>
</testsuite>